0:0:0:0:0:0:0:1 - - [02/Feb/2017:09:13:34 +0100] "GET / HTTP/1.1" 200 894
0:0:0:0:0:0:0:1 - - [02/Feb/2017:09:13:34 +0100] "GET /css/bootstrap.min.css HTTP/1.1" 200 83054
0:0:0:0:0:0:0:1 - - [02/Feb/2017:09:13:37 +0100] "GET /?form HTTP/1.1" 200 955
0:0:0:0:0:0:0:1 - - [02/Feb/2017:09:13:37 +0100] "GET /css/bootstrap.min.css HTTP/1.1" 304 -
0:0:0:0:0:0:0:1 - - [02/Feb/2017:09:13:46 +0100] "POST /?form HTTP/1.1" 302 -
0:0:0:0:0:0:0:1 - - [02/Feb/2017:09:13:46 +0100] "GET /1;jsessionid=B7E47F3842E96418087763E4B6DF8BF3 HTTP/1.1" 200 978
0:0:0:0:0:0:0:1 - - [02/Feb/2017:09:13:46 +0100] "GET /css/bootstrap.min.css HTTP/1.1" 304 -
0:0:0:0:0:0:0:1 - - [02/Feb/2017:09:15:42 +0100] "GET /delete/1 HTTP/1.1" 200 894
0:0:0:0:0:0:0:1 - - [02/Feb/2017:09:15:42 +0100] "GET /css/bootstrap.min.css HTTP/1.1" 304 -
0:0:0:0:0:0:0:1 - - [02/Feb/2017:09:15:43 +0100] "GET /?form HTTP/1.1" 200 955
0:0:0:0:0:0:0:1 - - [02/Feb/2017:09:15:56 +0100] "POST /?form HTTP/1.1" 302 -
0:0:0:0:0:0:0:1 - - [02/Feb/2017:09:15:56 +0100] "GET /2 HTTP/1.1" 200 1047
0:0:0:0:0:0:0:1 - - [02/Feb/2017:09:16:01 +0100] "GET / HTTP/1.1" 200 996
0:0:0:0:0:0:0:1 - - [02/Feb/2017:09:16:01 +0100] "GET /css/bootstrap.min.css HTTP/1.1" 304 -
0:0:0:0:0:0:0:1 - - [02/Feb/2017:09:17:39 +0100] "GET /foo HTTP/1.1" 500 330
0:0:0:0:0:0:0:1 - - [02/Feb/2017:09:17:55 +0100] "GET /?form HTTP/1.1" 200 955
0:0:0:0:0:0:0:1 - - [02/Feb/2017:09:17:55 +0100] "GET /css/bootstrap.min.css HTTP/1.1" 304 -
0:0:0:0:0:0:0:1 - - [02/Feb/2017:09:18:19 +0100] "GET /messages/form HTTP/1.1" 404 306
0:0:0:0:0:0:0:1 - - [02/Feb/2017:09:18:28 +0100] "GET / HTTP/1.1" 200 996
0:0:0:0:0:0:0:1 - - [02/Feb/2017:09:18:28 +0100] "GET /css/bootstrap.min.css HTTP/1.1" 304 -
0:0:0:0:0:0:0:1 - - [02/Feb/2017:09:18:31 +0100] "GET /?form HTTP/1.1" 200 955
0:0:0:0:0:0:0:1 - - [02/Feb/2017:09:18:38 +0100] "GET / HTTP/1.1" 200 996
0:0:0:0:0:0:0:1 - - [02/Feb/2017:09:18:38 +0100] "GET /css/bootstrap.min.css HTTP/1.1" 200 83054
0:0:0:0:0:0:0:1 - - [02/Feb/2017:09:18:58 +0100] "GET /?form HTTP/1.1" 200 955
0:0:0:0:0:0:0:1 - - [02/Feb/2017:09:18:58 +0100] "GET /css/bootstrap.min.css HTTP/1.1" 200 83054
0:0:0:0:0:0:0:1 - - [02/Feb/2017:10:53:30 +0100] "GET /?form HTTP/1.1" 200 955
0:0:0:0:0:0:0:1 - - [02/Feb/2017:10:53:30 +0100] "GET /css/bootstrap.min.css HTTP/1.1" 200 83054
0:0:0:0:0:0:0:1 - - [02/Feb/2017:10:53:33 +0100] "POST /?form HTTP/1.1" 302 -
0:0:0:0:0:0:0:1 - - [02/Feb/2017:10:53:33 +0100] "GET /1 HTTP/1.1" 200 973
0:0:0:0:0:0:0:1 - - [02/Feb/2017:10:53:33 +0100] "GET /css/bootstrap.min.css HTTP/1.1" 200 83054
0:0:0:0:0:0:0:1 - - [02/Feb/2017:10:56:59 +0100] "GET / HTTP/1.1" 200 894
0:0:0:0:0:0:0:1 - - [02/Feb/2017:10:56:59 +0100] "GET /css/bootstrap.min.css HTTP/1.1" 304 -
0:0:0:0:0:0:0:1 - - [02/Feb/2017:10:57:00 +0100] "GET /?form HTTP/1.1" 200 955
0:0:0:0:0:0:0:1 - - [02/Feb/2017:10:57:02 +0100] "POST /?form HTTP/1.1" 302 -
0:0:0:0:0:0:0:1 - - [02/Feb/2017:10:57:02 +0100] "GET /1 HTTP/1.1" 200 973
0:0:0:0:0:0:0:1 - - [02/Feb/2017:10:57:05 +0100] "GET / HTTP/1.1" 200 959
0:0:0:0:0:0:0:1 - - [02/Feb/2017:10:57:06 +0100] "GET /?form HTTP/1.1" 200 955
0:0:0:0:0:0:0:1 - - [02/Feb/2017:10:57:08 +0100] "POST /?form HTTP/1.1" 302 -
0:0:0:0:0:0:0:1 - - [02/Feb/2017:10:57:08 +0100] "GET /2 HTTP/1.1" 200 975
0:0:0:0:0:0:0:1 - - [02/Feb/2017:10:58:28 +0100] "GET /2 HTTP/1.1" 200 902
0:0:0:0:0:0:0:1 - - [02/Feb/2017:10:58:28 +0100] "GET /favicon.ico HTTP/1.1" 200 2862
0:0:0:0:0:0:0:1 - - [02/Feb/2017:10:58:29 +0100] "GET /2 HTTP/1.1" 200 902
0:0:0:0:0:0:0:1 - - [02/Feb/2017:10:58:29 +0100] "GET /css/bootstrap.min.css HTTP/1.1" 304 -
0:0:0:0:0:0:0:1 - - [02/Feb/2017:10:58:29 +0100] "GET /favicon.ico HTTP/1.1" 200 2862
0:0:0:0:0:0:0:1 - - [02/Feb/2017:10:58:34 +0100] "GET / HTTP/1.1" 200 1091
0:0:0:0:0:0:0:1 - - [02/Feb/2017:10:59:22 +0100] "GET / HTTP/1.1" 200 894
0:0:0:0:0:0:0:1 - - [02/Feb/2017:10:59:22 +0100] "GET /css/bootstrap.min.css HTTP/1.1" 304 -
0:0:0:0:0:0:0:1 - - [02/Feb/2017:10:59:22 +0100] "GET /favicon.ico HTTP/1.1" 200 2862
0:0:0:0:0:0:0:1 - - [02/Feb/2017:11:00:27 +0100] "GET / HTTP/1.1" 200 894
0:0:0:0:0:0:0:1 - - [02/Feb/2017:11:00:27 +0100] "GET /css/bootstrap.min.css HTTP/1.1" 304 -
0:0:0:0:0:0:0:1 - - [02/Feb/2017:11:00:28 +0100] "GET / HTTP/1.1" 200 894
