0:0:0:0:0:0:0:1 - - [21/Feb/2017:18:40:32 +0100] "GET / HTTP/1.1" 200 894
0:0:0:0:0:0:0:1 - - [21/Feb/2017:18:40:32 +0100] "GET /css/bootstrap.min.css HTTP/1.1" 200 83054
0:0:0:0:0:0:0:1 - - [21/Feb/2017:19:51:35 +0100] "GET / HTTP/1.1" 500 401
0:0:0:0:0:0:0:1 - - [21/Feb/2017:19:51:36 +0100] "GET /favicon.ico HTTP/1.1" 200 2862
0:0:0:0:0:0:0:1 - - [21/Feb/2017:19:51:38 +0100] "GET / HTTP/1.1" 500 482
0:0:0:0:0:0:0:1 - - [21/Feb/2017:19:51:38 +0100] "GET /favicon.ico HTTP/1.1" 200 2862
0:0:0:0:0:0:0:1 - - [21/Feb/2017:19:53:02 +0100] "GET / HTTP/1.1" 200 894
0:0:0:0:0:0:0:1 - - [21/Feb/2017:19:53:02 +0100] "GET /css/bootstrap.min.css HTTP/1.1" 304 -
0:0:0:0:0:0:0:1 - - [21/Feb/2017:19:53:02 +0100] "GET /favicon.ico HTTP/1.1" 200 2862
0:0:0:0:0:0:0:1 - - [21/Feb/2017:19:53:35 +0100] "GET / HTTP/1.1" 500 482
0:0:0:0:0:0:0:1 - - [21/Feb/2017:19:53:36 +0100] "GET /favicon.ico HTTP/1.1" 200 2862
0:0:0:0:0:0:0:1 - - [21/Feb/2017:19:53:36 +0100] "GET / HTTP/1.1" 500 482
0:0:0:0:0:0:0:1 - - [21/Feb/2017:19:53:36 +0100] "GET /favicon.ico HTTP/1.1" 200 2862
0:0:0:0:0:0:0:1 - - [21/Feb/2017:20:09:58 +0100] "GET / HTTP/1.1" 200 894
0:0:0:0:0:0:0:1 - - [21/Feb/2017:20:09:58 +0100] "GET /css/bootstrap.min.css HTTP/1.1" 304 -
0:0:0:0:0:0:0:1 - - [21/Feb/2017:20:09:58 +0100] "GET /favicon.ico HTTP/1.1" 200 2862
0:0:0:0:0:0:0:1 - - [21/Feb/2017:20:12:48 +0100] "GET / HTTP/1.1" 200 894
0:0:0:0:0:0:0:1 - - [21/Feb/2017:20:12:48 +0100] "GET /favicon.ico HTTP/1.1" 200 2862
0:0:0:0:0:0:0:1 - - [21/Feb/2017:20:12:49 +0100] "GET /?form HTTP/1.1" 200 955
127.0.0.1 - - [21/Feb/2017:20:14:14 +0100] "GET / HTTP/1.1" 200 894
127.0.0.1 - - [21/Feb/2017:20:14:14 +0100] "GET /favicon.ico HTTP/1.1" 200 2862
0:0:0:0:0:0:0:1 - - [21/Feb/2017:20:16:35 +0100] "GET / HTTP/1.1" 200 894
0:0:0:0:0:0:0:1 - - [21/Feb/2017:20:16:35 +0100] "GET /favicon.ico HTTP/1.1" 200 2862
127.0.0.1 - - [21/Feb/2017:20:20:32 +0100] "GET / HTTP/1.1" 200 894
127.0.0.1 - - [21/Feb/2017:20:20:32 +0100] "GET /css/bootstrap.min.css HTTP/1.1" 304 -
127.0.0.1 - - [21/Feb/2017:20:20:32 +0100] "GET /favicon.ico HTTP/1.1" 200 2862
127.0.0.1 - - [21/Feb/2017:20:20:41 +0100] "GET / HTTP/1.1" 200 894
127.0.0.1 - - [21/Feb/2017:20:20:41 +0100] "GET /favicon.ico HTTP/1.1" 200 2862
0:0:0:0:0:0:0:1 - - [21/Feb/2017:20:23:55 +0100] "GET / HTTP/1.1" 200 894
0:0:0:0:0:0:0:1 - - [21/Feb/2017:20:23:55 +0100] "GET /favicon.ico HTTP/1.1" 200 2862
0:0:0:0:0:0:0:1 - - [21/Feb/2017:20:24:45 +0100] "GET / HTTP/1.1" 200 894
0:0:0:0:0:0:0:1 - - [21/Feb/2017:20:24:46 +0100] "GET /favicon.ico HTTP/1.1" 200 2862
0:0:0:0:0:0:0:1 - - [21/Feb/2017:20:25:41 +0100] "GET / HTTP/1.1" 200 894
0:0:0:0:0:0:0:1 - - [21/Feb/2017:20:25:41 +0100] "GET /favicon.ico HTTP/1.1" 200 2862
0:0:0:0:0:0:0:1 - - [21/Feb/2017:20:26:19 +0100] "GET / HTTP/1.1" 200 894
0:0:0:0:0:0:0:1 - - [21/Feb/2017:20:26:19 +0100] "GET /favicon.ico HTTP/1.1" 200 2862
0:0:0:0:0:0:0:1 - - [21/Feb/2017:20:31:59 +0100] "GET / HTTP/1.1" 200 894
0:0:0:0:0:0:0:1 - - [21/Feb/2017:20:31:59 +0100] "GET /css/bootstrap.min.css HTTP/1.1" 304 -
0:0:0:0:0:0:0:1 - - [21/Feb/2017:20:31:59 +0100] "GET /favicon.ico HTTP/1.1" 200 2862
0:0:0:0:0:0:0:1 - - [21/Feb/2017:20:39:02 +0100] "GET / HTTP/1.1" 200 894
0:0:0:0:0:0:0:1 - - [21/Feb/2017:20:39:02 +0100] "GET /favicon.ico HTTP/1.1" 200 2862
0:0:0:0:0:0:0:1 - - [21/Feb/2017:20:51:58 +0100] "GET / HTTP/1.1" 200 894
0:0:0:0:0:0:0:1 - - [21/Feb/2017:20:51:58 +0100] "GET /css/bootstrap.min.css HTTP/1.1" 304 -
0:0:0:0:0:0:0:1 - - [21/Feb/2017:20:51:58 +0100] "GET /favicon.ico HTTP/1.1" 200 2862
0:0:0:0:0:0:0:1 - - [21/Feb/2017:20:52:17 +0100] "GET /?form HTTP/1.1" 200 955
0:0:0:0:0:0:0:1 - - [21/Feb/2017:20:52:19 +0100] "POST /?form HTTP/1.1" 302 -
0:0:0:0:0:0:0:1 - - [21/Feb/2017:20:52:19 +0100] "GET /1;jsessionid=61B83BEADBEF476D4FC650682EC3F0CA HTTP/1.1" 200 971
0:0:0:0:0:0:0:1 - - [21/Feb/2017:20:57:31 +0100] "GET /1;jsessionid=61B83BEADBEF476D4FC650682EC3F0CA HTTP/1.1" 500 414
0:0:0:0:0:0:0:1 - - [21/Feb/2017:20:57:31 +0100] "GET /favicon.ico HTTP/1.1" 200 2862
0:0:0:0:0:0:0:1 - - [21/Feb/2017:20:57:32 +0100] "GET /1;jsessionid=61B83BEADBEF476D4FC650682EC3F0CA HTTP/1.1" 500 414
0:0:0:0:0:0:0:1 - - [21/Feb/2017:20:57:32 +0100] "GET /favicon.ico HTTP/1.1" 200 2862
0:0:0:0:0:0:0:1 - - [21/Feb/2017:20:58:08 +0100] "GET /1;jsessionid=61B83BEADBEF476D4FC650682EC3F0CA HTTP/1.1" 500 414
127.0.0.1 - - [21/Feb/2017:20:58:08 +0100] "GET /1;jsessionid=61B83BEADBEF476D4FC650682EC3F0CA HTTP/1.1" 500 414
0:0:0:0:0:0:0:1 - - [21/Feb/2017:20:58:08 +0100] "GET /favicon.ico HTTP/1.1" 200 2862
0:0:0:0:0:0:0:1 - - [21/Feb/2017:20:58:09 +0100] "GET /1;jsessionid=61B83BEADBEF476D4FC650682EC3F0CA HTTP/1.1" 500 414
0:0:0:0:0:0:0:1 - - [21/Feb/2017:20:58:09 +0100] "GET /favicon.ico HTTP/1.1" 200 2862
0:0:0:0:0:0:0:1 - - [21/Feb/2017:20:59:35 +0100] "GET /1;jsessionid=61B83BEADBEF476D4FC650682EC3F0CA HTTP/1.1" 500 414
0:0:0:0:0:0:0:1 - - [21/Feb/2017:20:59:35 +0100] "GET /favicon.ico HTTP/1.1" 200 2862
0:0:0:0:0:0:0:1 - - [21/Feb/2017:20:59:38 +0100] "GET /1;jsessionid=61B83BEADBEF476D4FC650682EC3F0CA HTTP/1.1" 500 414
0:0:0:0:0:0:0:1 - - [21/Feb/2017:20:59:38 +0100] "GET /favicon.ico HTTP/1.1" 200 2862
0:0:0:0:0:0:0:1 - - [21/Feb/2017:21:02:01 +0100] "GET /1;jsessionid=61B83BEADBEF476D4FC650682EC3F0CA HTTP/1.1" 500 414
0:0:0:0:0:0:0:1 - - [21/Feb/2017:21:02:01 +0100] "GET /favicon.ico HTTP/1.1" 200 2862
0:0:0:0:0:0:0:1 - - [21/Feb/2017:21:02:03 +0100] "GET /1;jsessionid=61B83BEADBEF476D4FC650682EC3F0CA HTTP/1.1" 500 414
0:0:0:0:0:0:0:1 - - [21/Feb/2017:21:02:03 +0100] "GET /favicon.ico HTTP/1.1" 200 2862
0:0:0:0:0:0:0:1 - - [21/Feb/2017:21:02:35 +0100] "GET / HTTP/1.1" 200 894
0:0:0:0:0:0:0:1 - - [21/Feb/2017:21:02:36 +0100] "GET /?form HTTP/1.1" 200 955
