0:0:0:0:0:0:0:1 - - [15/Feb/2017:13:06:14 +0100] "GET / HTTP/1.1" 404 306
0:0:0:0:0:0:0:1 - - [15/Feb/2017:13:06:14 +0100] "GET /favicon.ico HTTP/1.1" 200 2862
0:0:0:0:0:0:0:1 - - [15/Feb/2017:13:06:17 +0100] "GET / HTTP/1.1" 404 306
0:0:0:0:0:0:0:1 - - [15/Feb/2017:13:06:28 +0100] "GET /admin/products HTTP/1.1" 404 306
0:0:0:0:0:0:0:1 - - [15/Feb/2017:13:06:31 +0100] "GET /admin/products HTTP/1.1" 404 306
0:0:0:0:0:0:0:1 - - [15/Feb/2017:13:06:36 +0100] "GET /products HTTP/1.1" 404 306
0:0:0:0:0:0:0:1 - - [15/Feb/2017:13:06:43 +0100] "GET /messages HTTP/1.1" 404 306
0:0:0:0:0:0:0:1 - - [15/Feb/2017:13:08:16 +0100] "GET /messages HTTP/1.1" 404 306
0:0:0:0:0:0:0:1 - - [15/Feb/2017:13:08:16 +0100] "GET /favicon.ico HTTP/1.1" 200 2862
127.0.0.1 - - [15/Feb/2017:13:09:04 +0100] "GET /messages HTTP/1.1" 400 670
0:0:0:0:0:0:0:1 - - [15/Feb/2017:13:09:05 +0100] "GET /favicon.ico HTTP/1.1" 200 2862
0:0:0:0:0:0:0:1 - - [15/Feb/2017:13:09:07 +0100] "GET / HTTP/1.1" 200 894
0:0:0:0:0:0:0:1 - - [15/Feb/2017:13:09:07 +0100] "GET /css/bootstrap.min.css HTTP/1.1" 200 83054
0:0:0:0:0:0:0:1 - - [15/Feb/2017:13:43:43 +0100] "GET / HTTP/1.1" 200 894
0:0:0:0:0:0:0:1 - - [15/Feb/2017:13:43:43 +0100] "GET /favicon.ico HTTP/1.1" 200 2862
0:0:0:0:0:0:0:1 - - [15/Feb/2017:13:52:51 +0100] "GET / HTTP/1.1" 200 894
0:0:0:0:0:0:0:1 - - [15/Feb/2017:13:52:51 +0100] "GET /favicon.ico HTTP/1.1" 200 2862
0:0:0:0:0:0:0:1 - - [15/Feb/2017:13:52:53 +0100] "GET / HTTP/1.1" 200 894
0:0:0:0:0:0:0:1 - - [15/Feb/2017:13:52:53 +0100] "GET /favicon.ico HTTP/1.1" 200 2862
0:0:0:0:0:0:0:1 - - [15/Feb/2017:14:02:09 +0100] "GET /?form HTTP/1.1" 200 955
0:0:0:0:0:0:0:1 - - [15/Feb/2017:14:02:11 +0100] "POST /?form HTTP/1.1" 302 -
0:0:0:0:0:0:0:1 - - [15/Feb/2017:14:02:11 +0100] "GET /1;jsessionid=445894476CD327F15BD9BD38B664736F HTTP/1.1" 200 974
0:0:0:0:0:0:0:1 - - [15/Feb/2017:14:02:16 +0100] "GET / HTTP/1.1" 200 959
0:0:0:0:0:0:0:1 - - [15/Feb/2017:18:08:43 +0100] "GET /1;jsessionid=445894476CD327F15BD9BD38B664736F HTTP/1.1" 500 414
0:0:0:0:0:0:0:1 - - [15/Feb/2017:18:08:43 +0100] "GET /favicon.ico HTTP/1.1" 200 2862
0:0:0:0:0:0:0:1 - - [15/Feb/2017:18:08:50 +0100] "GET / HTTP/1.1" 200 894
0:0:0:0:0:0:0:1 - - [15/Feb/2017:18:08:50 +0100] "GET / HTTP/1.1" 200 894
0:0:0:0:0:0:0:1 - - [15/Feb/2017:18:32:54 +0100] "GET / HTTP/1.1" 200 894
0:0:0:0:0:0:0:1 - - [15/Feb/2017:18:51:16 +0100] "GET / HTTP/1.1" 200 894
0:0:0:0:0:0:0:1 - - [15/Feb/2017:18:51:28 +0100] "GET / HTTP/1.1" 200 894
0:0:0:0:0:0:0:1 - - [15/Feb/2017:18:53:38 +0100] "GET / HTTP/1.1" 500 318
0:0:0:0:0:0:0:1 - - [15/Feb/2017:18:53:38 +0100] "GET /favicon.ico HTTP/1.1" 200 2862
0:0:0:0:0:0:0:1 - - [15/Feb/2017:18:53:41 +0100] "GET / HTTP/1.1" 500 318
0:0:0:0:0:0:0:1 - - [15/Feb/2017:18:53:46 +0100] "GET / HTTP/1.1" 500 318
0:0:0:0:0:0:0:1 - - [15/Feb/2017:18:53:47 +0100] "GET / HTTP/1.1" 500 318
0:0:0:0:0:0:0:1 - - [15/Feb/2017:18:53:47 +0100] "GET /favicon.ico HTTP/1.1" 200 2862
127.0.0.1 - - [15/Feb/2017:18:54:38 +0100] "GET / HTTP/1.1" 200 894
127.0.0.1 - - [15/Feb/2017:18:54:38 +0100] "GET /favicon.ico HTTP/1.1" 200 2862
0:0:0:0:0:0:0:1 - - [15/Feb/2017:19:48:08 +0100] "GET / HTTP/1.1" 200 894
0:0:0:0:0:0:0:1 - - [15/Feb/2017:19:48:08 +0100] "GET /favicon.ico HTTP/1.1" 200 2862
